<?xml version="1.0" encoding="UTF-8"?>
<coverage generated="1586655497888" clover="3.2.0">
  <project timestamp="1586655497888" name="All files">
    <metrics statements="26" coveredstatements="16" conditionals="18" coveredconditionals="9" methods="12" coveredmethods="3" elements="56" coveredelements="28" complexity="0" loc="26" ncloc="26" packages="2" files="2" classes="2"/>
    <package name="dist.services.search.providers">
      <metrics statements="18" coveredstatements="8" conditionals="18" coveredconditionals="9" methods="10" coveredmethods="1"/>
      <file name="OpenCageDataProvider.js" path="C:\Users\EvidenceRex\Documents\projects\search-api\dist\services\search\providers\OpenCageDataProvider.js">
        <metrics statements="18" coveredstatements="8" conditionals="18" coveredconditionals="9" methods="10" coveredmethods="1"/>
        <line num="2" count="1" type="cond" truecount="3" falsecount="0"/>
        <line num="3" count="0" type="cond" truecount="0" falsecount="2"/>
        <line num="4" count="0" type="cond" truecount="0" falsecount="2"/>
        <line num="5" count="0" type="stmt"/>
        <line num="6" count="0" type="stmt"/>
        <line num="7" count="0" type="cond" truecount="0" falsecount="2"/>
        <line num="8" count="0" type="cond" truecount="0" falsecount="2"/>
        <line num="11" count="1" type="cond" truecount="3" falsecount="0"/>
        <line num="12" count="2" type="cond" truecount="3" falsecount="1"/>
        <line num="14" count="1" type="stmt"/>
        <line num="15" count="1" type="stmt"/>
        <line num="16" count="1" type="stmt"/>
        <line num="17" count="1" type="stmt"/>
        <line num="18" count="1" type="stmt"/>
        <line num="19" count="0" type="stmt"/>
        <line num="20" count="0" type="stmt"/>
        <line num="21" count="0" type="stmt"/>
        <line num="22" count="0" type="stmt"/>
      </file>
    </package>
    <package name="src.services.search.providers">
      <metrics statements="8" coveredstatements="8" conditionals="0" coveredconditionals="0" methods="2" coveredmethods="2"/>
      <file name="OpenCageDataProvider.ts" path="C:\Users\EvidenceRex\Documents\projects\search-api\src\services\search\providers\OpenCageDataProvider.ts">
        <metrics statements="8" coveredstatements="8" conditionals="0" coveredconditionals="0" methods="2" coveredmethods="2"/>
        <line num="1" count="1" type="stmt"/>
        <line num="2" count="1" type="stmt"/>
        <line num="4" count="1" type="stmt"/>
        <line num="6" count="2" type="stmt"/>
        <line num="7" count="2" type="stmt"/>
        <line num="8" count="2" type="stmt"/>
        <line num="9" count="2" type="stmt"/>
        <line num="10" count="2" type="stmt"/>
      </file>
    </package>
  </project>
</coverage>
